2024-01-18T04:28:25.027+0900 [DEBUG] [org.gradle.launcher.daemon.bootstrap.DaemonMain] Assuming the daemon was started with following jvm opts: [--add-opens=java.base/java.util=ALL-UNNAMED, --add-opens=java.base/java.lang=ALL-UNNAMED, --add-opens=java.base/java.lang.invoke=ALL-UNNAMED, --add-opens=java.prefs/java.util.prefs=ALL-UNNAMED, --add-opens=java.base/java.nio.charset=ALL-UNNAMED, --add-opens=java.base/java.net=ALL-UNNAMED, --add-opens=java.base/java.util.concurrent.atomic=ALL-UNNAMED, -XX:MaxMetaspaceSize=384m, -XX:+HeapDumpOnOutOfMemoryError, -Xms256m, -Xmx512m, -Dfile.encoding=UTF-8, -Duser.country=KR, -Duser.language=ko, -Duser.variant]
2024-01-18T04:28:25.372+0900 [INFO] [org.gradle.launcher.daemon.server.Daemon] start() called on daemon - DefaultDaemonContext[uid=ccb37950-ec45-4f6e-85d0-818cc06a87d8,javaHome=/Users/giyeonlee/Library/Java/JavaVirtualMachines/corretto-20.0.2.1/Contents/Home,daemonRegistryDir=/Users/giyeonlee/Downloads/Work_Space/Hanhwa_System_SW_CAMP_JAVA/01_java/daemon,pid=14779,idleTimeout=10800000,priority=NORMAL,applyInstrumentationAgent=true,daemonOpts=--add-opens=java.base/java.util=ALL-UNNAMED,--add-opens=java.base/java.lang=ALL-UNNAMED,--add-opens=java.base/java.lang.invoke=ALL-UNNAMED,--add-opens=java.prefs/java.util.prefs=ALL-UNNAMED,--add-opens=java.base/java.nio.charset=ALL-UNNAMED,--add-opens=java.base/java.net=ALL-UNNAMED,--add-opens=java.base/java.util.concurrent.atomic=ALL-UNNAMED,-XX:MaxMetaspaceSize=384m,-XX:+HeapDumpOnOutOfMemoryError,-Xms256m,-Xmx512m,-Dfile.encoding=UTF-8,-Duser.country=KR,-Duser.language=ko,-Duser.variant]
2024-01-18T04:28:25.463+0900 [DEBUG] [org.gradle.internal.remote.internal.inet.InetAddresses] Adding IP addresses for network interface utun6
2024-01-18T04:28:25.464+0900 [DEBUG] [org.gradle.internal.remote.internal.inet.InetAddresses] Is this a loopback interface? false
2024-01-18T04:28:25.464+0900 [DEBUG] [org.gradle.internal.remote.internal.inet.InetAddresses] Adding remote address /fe80:0:0:0:82a6:badc:21b5:bcac%utun6
2024-01-18T04:28:25.465+0900 [DEBUG] [org.gradle.internal.remote.internal.inet.InetAddresses] Adding IP addresses for network interface utun5
2024-01-18T04:28:25.467+0900 [DEBUG] [org.gradle.internal.remote.internal.inet.InetAddresses] Is this a loopback interface? false
2024-01-18T04:28:25.468+0900 [DEBUG] [org.gradle.internal.remote.internal.inet.InetAddresses] Adding remote address /fe80:0:0:0:5e2b:5b17:9186:db49%utun5
2024-01-18T04:28:25.469+0900 [DEBUG] [org.gradle.internal.remote.internal.inet.InetAddresses] Adding IP addresses for network interface utun4
2024-01-18T04:28:25.469+0900 [DEBUG] [org.gradle.internal.remote.internal.inet.InetAddresses] Is this a loopback interface? false
2024-01-18T04:28:25.470+0900 [DEBUG] [org.gradle.internal.remote.internal.inet.InetAddresses] Adding remote address /fe80:0:0:0:bce:7a6c:e7c1:ff64%utun4
2024-01-18T04:28:25.472+0900 [DEBUG] [org.gradle.internal.remote.internal.inet.InetAddresses] Adding IP addresses for network interface utun3
2024-01-18T04:28:25.473+0900 [DEBUG] [org.gradle.internal.remote.internal.inet.InetAddresses] Is this a loopback interface? false
2024-01-18T04:28:25.473+0900 [DEBUG] [org.gradle.internal.remote.internal.inet.InetAddresses] Adding remote address /fe80:0:0:0:ce81:b1c:bd2c:69e%utun3
2024-01-18T04:28:25.473+0900 [DEBUG] [org.gradle.internal.remote.internal.inet.InetAddresses] Adding IP addresses for network interface utun2
2024-01-18T04:28:25.474+0900 [DEBUG] [org.gradle.internal.remote.internal.inet.InetAddresses] Is this a loopback interface? false
2024-01-18T04:28:25.474+0900 [DEBUG] [org.gradle.internal.remote.internal.inet.InetAddresses] Adding remote address /fe80:0:0:0:c336:6ad5:a7b9:7696%utun2
2024-01-18T04:28:25.475+0900 [DEBUG] [org.gradle.internal.remote.internal.inet.InetAddresses] Adding IP addresses for network interface utun1
2024-01-18T04:28:25.475+0900 [DEBUG] [org.gradle.internal.remote.internal.inet.InetAddresses] Is this a loopback interface? false
2024-01-18T04:28:25.476+0900 [DEBUG] [org.gradle.internal.remote.internal.inet.InetAddresses] Adding remote address /fe80:0:0:0:b78d:d5be:8b96:4c86%utun1
2024-01-18T04:28:25.476+0900 [DEBUG] [org.gradle.internal.remote.internal.inet.InetAddresses] Adding IP addresses for network interface utun0
2024-01-18T04:28:25.477+0900 [DEBUG] [org.gradle.internal.remote.internal.inet.InetAddresses] Is this a loopback interface? false
2024-01-18T04:28:25.478+0900 [DEBUG] [org.gradle.internal.remote.internal.inet.InetAddresses] Adding remote address /fe80:0:0:0:3c89:b702:b788:6ae8%utun0
2024-01-18T04:28:25.478+0900 [DEBUG] [org.gradle.internal.remote.internal.inet.InetAddresses] Adding IP addresses for network interface llw0
2024-01-18T04:28:25.478+0900 [DEBUG] [org.gradle.internal.remote.internal.inet.InetAddresses] Is this a loopback interface? false
2024-01-18T04:28:25.479+0900 [DEBUG] [org.gradle.internal.remote.internal.inet.InetAddresses] Adding remote address /fe80:0:0:0:c407:88ff:fe12:49b1%llw0
2024-01-18T04:28:25.480+0900 [DEBUG] [org.gradle.internal.remote.internal.inet.InetAddresses] Adding IP addresses for network interface awdl0
2024-01-18T04:28:25.482+0900 [DEBUG] [org.gradle.internal.remote.internal.inet.InetAddresses] Is this a loopback interface? false
2024-01-18T04:28:25.483+0900 [DEBUG] [org.gradle.internal.remote.internal.inet.InetAddresses] Adding remote address /fe80:0:0:0:c407:88ff:fe12:49b1%awdl0
2024-01-18T04:28:25.484+0900 [DEBUG] [org.gradle.internal.remote.internal.inet.InetAddresses] Adding IP addresses for network interface ap1
2024-01-18T04:28:25.485+0900 [DEBUG] [org.gradle.internal.remote.internal.inet.InetAddresses] Is this a loopback interface? false
2024-01-18T04:28:25.485+0900 [DEBUG] [org.gradle.internal.remote.internal.inet.InetAddresses] Adding remote address /fe80:0:0:0:3c22:fbff:feec:8895%ap1
2024-01-18T04:28:25.485+0900 [DEBUG] [org.gradle.internal.remote.internal.inet.InetAddresses] Adding IP addresses for network interface en5
2024-01-18T04:28:25.486+0900 [DEBUG] [org.gradle.internal.remote.internal.inet.InetAddresses] Is this a loopback interface? false
2024-01-18T04:28:25.487+0900 [DEBUG] [org.gradle.internal.remote.internal.inet.InetAddresses] Adding remote address /fe80:0:0:0:aede:48ff:fe00:1122%en5
2024-01-18T04:28:25.487+0900 [DEBUG] [org.gradle.internal.remote.internal.inet.InetAddresses] Adding IP addresses for network interface en0
2024-01-18T04:28:25.487+0900 [DEBUG] [org.gradle.internal.remote.internal.inet.InetAddresses] Is this a loopback interface? false
2024-01-18T04:28:25.488+0900 [DEBUG] [org.gradle.internal.remote.internal.inet.InetAddresses] Adding remote address /fe80:0:0:0:8ec:1e7d:8ba4:1af5%en0
2024-01-18T04:28:25.488+0900 [DEBUG] [org.gradle.internal.remote.internal.inet.InetAddresses] Adding remote address /192.168.0.137
2024-01-18T04:28:25.488+0900 [DEBUG] [org.gradle.internal.remote.internal.inet.InetAddresses] Adding IP addresses for network interface lo0
2024-01-18T04:28:25.489+0900 [DEBUG] [org.gradle.internal.remote.internal.inet.InetAddresses] Is this a loopback interface? true
2024-01-18T04:28:25.490+0900 [DEBUG] [org.gradle.internal.remote.internal.inet.InetAddresses] Ignoring remote address on loopback interface /fe80:0:0:0:0:0:0:1%lo0
2024-01-18T04:28:25.492+0900 [DEBUG] [org.gradle.internal.remote.internal.inet.InetAddresses] Adding loopback address /0:0:0:0:0:0:0:1%lo0
2024-01-18T04:28:25.492+0900 [DEBUG] [org.gradle.internal.remote.internal.inet.InetAddresses] Adding loopback address /127.0.0.1
2024-01-18T04:28:25.501+0900 [DEBUG] [org.gradle.internal.remote.internal.inet.TcpIncomingConnector] Listening on [be2ce8e8-cde7-4ca4-950f-d6241c11ceb8 port:51810, addresses:[localhost/127.0.0.1]].
2024-01-18T04:28:25.522+0900 [DEBUG] [org.gradle.launcher.daemon.server.Daemon] Daemon starting at: Thu Jan 18 04:28:25 KST 2024, with address: [be2ce8e8-cde7-4ca4-950f-d6241c11ceb8 port:51810, addresses:[localhost/127.0.0.1]]
2024-01-18T04:28:25.522+0900 [INFO] [org.gradle.launcher.daemon.server.DaemonRegistryUpdater] Advertising the daemon address to the clients: [be2ce8e8-cde7-4ca4-950f-d6241c11ceb8 port:51810, addresses:[localhost/127.0.0.1]]
2024-01-18T04:28:25.523+0900 [DEBUG] [org.gradle.launcher.daemon.server.DaemonRegistryUpdater] Advertised daemon context: DefaultDaemonContext[uid=ccb37950-ec45-4f6e-85d0-818cc06a87d8,javaHome=/Users/giyeonlee/Library/Java/JavaVirtualMachines/corretto-20.0.2.1/Contents/Home,daemonRegistryDir=/Users/giyeonlee/Downloads/Work_Space/Hanhwa_System_SW_CAMP_JAVA/01_java/daemon,pid=14779,idleTimeout=10800000,priority=NORMAL,applyInstrumentationAgent=true,daemonOpts=--add-opens=java.base/java.util=ALL-UNNAMED,--add-opens=java.base/java.lang=ALL-UNNAMED,--add-opens=java.base/java.lang.invoke=ALL-UNNAMED,--add-opens=java.prefs/java.util.prefs=ALL-UNNAMED,--add-opens=java.base/java.nio.charset=ALL-UNNAMED,--add-opens=java.base/java.net=ALL-UNNAMED,--add-opens=java.base/java.util.concurrent.atomic=ALL-UNNAMED,-XX:MaxMetaspaceSize=384m,-XX:+HeapDumpOnOutOfMemoryError,-Xms256m,-Xmx512m,-Dfile.encoding=UTF-8,-Duser.country=KR,-Duser.language=ko,-Duser.variant]
2024-01-18T04:28:25.524+0900 [DEBUG] [org.gradle.launcher.daemon.registry.PersistentDaemonRegistry] Storing daemon address: [be2ce8e8-cde7-4ca4-950f-d6241c11ceb8 port:51810, addresses:[localhost/127.0.0.1]], context: DefaultDaemonContext[uid=ccb37950-ec45-4f6e-85d0-818cc06a87d8,javaHome=/Users/giyeonlee/Library/Java/JavaVirtualMachines/corretto-20.0.2.1/Contents/Home,daemonRegistryDir=/Users/giyeonlee/Downloads/Work_Space/Hanhwa_System_SW_CAMP_JAVA/01_java/daemon,pid=14779,idleTimeout=10800000,priority=NORMAL,applyInstrumentationAgent=true,daemonOpts=--add-opens=java.base/java.util=ALL-UNNAMED,--add-opens=java.base/java.lang=ALL-UNNAMED,--add-opens=java.base/java.lang.invoke=ALL-UNNAMED,--add-opens=java.prefs/java.util.prefs=ALL-UNNAMED,--add-opens=java.base/java.nio.charset=ALL-UNNAMED,--add-opens=java.base/java.net=ALL-UNNAMED,--add-opens=java.base/java.util.concurrent.atomic=ALL-UNNAMED,-XX:MaxMetaspaceSize=384m,-XX:+HeapDumpOnOutOfMemoryError,-Xms256m,-Xmx512m,-Dfile.encoding=UTF-8,-Duser.country=KR,-Duser.language=ko,-Duser.variant]
2024-01-18T04:28:25.556+0900 [DEBUG] [org.gradle.cache.internal.DefaultFileLockManager] Waiting to acquire exclusive lock on daemon addresses registry.
2024-01-18T04:28:25.561+0900 [DEBUG] [org.gradle.cache.internal.DefaultFileLockManager] Lock acquired on daemon addresses registry.
2024-01-18T04:28:25.568+0900 [DEBUG] [org.gradle.cache.internal.DefaultFileLockManager] Releasing lock on daemon addresses registry.
2024-01-18T04:28:25.569+0900 [LIFECYCLE] [org.gradle.launcher.daemon.server.Daemon] Daemon server started.
2024-01-18T04:28:25.570+0900 [DEBUG] [org.gradle.launcher.daemon.bootstrap.DaemonStartupCommunication] Completed writing the daemon greeting. Closing streams...
2024-01-18T04:28:25.575+0900 [DEBUG] [org.gradle.internal.remote.internal.inet.TcpIncomingConnector] Accepted connection from /127.0.0.1:51813 to /127.0.0.1:51810.
2024-01-18T04:28:25.579+0900 [DEBUG] [org.gradle.launcher.daemon.server.Daemon] stopOnExpiration() called on daemon
2024-01-18T04:28:25.585+0900 [DEBUG] [org.gradle.launcher.daemon.server.Daemon] awaitExpiration() called on daemon
2024-01-18T04:28:25.585+0900 [DEBUG] [org.gradle.launcher.daemon.server.DaemonStateCoordinator] daemon is running. Sleeping until state changes.
2024-01-18T04:28:25.672+0900 [DEBUG] [org.gradle.launcher.daemon.server.SynchronizedDispatchConnection] thread 32: received class org.gradle.launcher.daemon.protocol.Build
2024-01-18T04:28:25.673+0900 [DEBUG] [org.gradle.launcher.daemon.server.DefaultDaemonConnection] thread 32: Received non-IO message from client: Build{id=5fb3b422-1aa2-4348-bfbd-43852ec44b08, currentDir=/Users/giyeonlee/Downloads/Work_Space/Hanhwa_System_SW_CAMP_JAVA/01_java/chap01-literal-and-variable-lecture-source}
2024-01-18T04:28:25.678+0900 [INFO] [org.gradle.launcher.daemon.server.DefaultIncomingConnectionHandler] Received command: Build{id=5fb3b422-1aa2-4348-bfbd-43852ec44b08, currentDir=/Users/giyeonlee/Downloads/Work_Space/Hanhwa_System_SW_CAMP_JAVA/01_java/chap01-literal-and-variable-lecture-source}.
2024-01-18T04:28:25.678+0900 [DEBUG] [org.gradle.launcher.daemon.server.DefaultIncomingConnectionHandler] Starting executing command: Build{id=5fb3b422-1aa2-4348-bfbd-43852ec44b08, currentDir=/Users/giyeonlee/Downloads/Work_Space/Hanhwa_System_SW_CAMP_JAVA/01_java/chap01-literal-and-variable-lecture-source} with connection: socket connection from /127.0.0.1:51810 to /127.0.0.1:51813.
2024-01-18T04:28:25.686+0900 [DEBUG] [org.gradle.launcher.daemon.server.DaemonStateCoordinator] Command execution: started DaemonCommandExecution[command = Build{id=5fb3b422-1aa2-4348-bfbd-43852ec44b08, currentDir=/Users/giyeonlee/Downloads/Work_Space/Hanhwa_System_SW_CAMP_JAVA/01_java/chap01-literal-and-variable-lecture-source}, connection = DefaultDaemonConnection: socket connection from /127.0.0.1:51810 to /127.0.0.1:51813] after 0.0 minutes of idle
2024-01-18T04:28:25.687+0900 [INFO] [org.gradle.launcher.daemon.server.DaemonRegistryUpdater] Marking the daemon as busy, address: [be2ce8e8-cde7-4ca4-950f-d6241c11ceb8 port:51810, addresses:[localhost/127.0.0.1]]
2024-01-18T04:28:25.688+0900 [DEBUG] [org.gradle.launcher.daemon.registry.PersistentDaemonRegistry] Marking busy by address: [be2ce8e8-cde7-4ca4-950f-d6241c11ceb8 port:51810, addresses:[localhost/127.0.0.1]]
2024-01-18T04:28:25.689+0900 [DEBUG] [org.gradle.cache.internal.DefaultFileLockManager] Waiting to acquire exclusive lock on daemon addresses registry.
2024-01-18T04:28:25.690+0900 [DEBUG] [org.gradle.cache.internal.DefaultFileLockManager] Lock acquired on daemon addresses registry.
2024-01-18T04:28:25.692+0900 [DEBUG] [org.gradle.cache.internal.DefaultFileLockManager] Releasing lock on daemon addresses registry.
2024-01-18T04:28:25.693+0900 [DEBUG] [org.gradle.launcher.daemon.server.DaemonStateCoordinator] resetting idle timer
2024-01-18T04:28:25.696+0900 [DEBUG] [org.gradle.launcher.daemon.server.DaemonStateCoordinator] daemon is running. Sleeping until state changes.
2024-01-18T04:28:25.698+0900 [INFO] [org.gradle.launcher.daemon.server.exec.StartBuildOrRespondWithBusy] Daemon is about to start building Build{id=5fb3b422-1aa2-4348-bfbd-43852ec44b08, currentDir=/Users/giyeonlee/Downloads/Work_Space/Hanhwa_System_SW_CAMP_JAVA/01_java/chap01-literal-and-variable-lecture-source}. Dispatching build started information...
2024-01-18T04:28:25.698+0900 [DEBUG] [org.gradle.launcher.daemon.server.SynchronizedDispatchConnection] thread 34: dispatching org.gradle.launcher.daemon.protocol.BuildStarted@4214c6c7
2024-01-18T04:28:25.701+0900 [DEBUG] [org.gradle.launcher.daemon.server.SynchronizedDispatchConnection] thread 32: received class org.gradle.launcher.daemon.protocol.CloseInput
2024-01-18T04:28:25.701+0900 [DEBUG] [org.gradle.launcher.daemon.server.exec.EstablishBuildEnvironment] Configuring env variables: [PATH, __CFBundleIdentifier, SHELL, OLDPWD, USER, COMMAND_MODE, TMPDIR, SSH_AUTH_SOCK, XPC_FLAGS, __CF_USER_TEXT_ENCODING, LOGNAME, LC_CTYPE, XPC_SERVICE_NAME, IDEA_INITIAL_DIRECTORY, HOME]
2024-01-18T04:28:25.701+0900 [DEBUG] [org.gradle.launcher.daemon.server.DefaultDaemonConnection] thread 32: Received IO message from client: org.gradle.launcher.daemon.protocol.CloseInput@a42db9b
2024-01-18T04:28:25.705+0900 [DEBUG] [org.gradle.launcher.daemon.server.exec.LogToClient] About to start relaying all logs to the client via the connection.
2024-01-18T04:28:25.706+0900 [INFO] [org.gradle.launcher.daemon.server.exec.LogToClient] The client will now receive all logging from the daemon (pid: 14779). The daemon log file: /Users/giyeonlee/Downloads/Work_Space/Hanhwa_System_SW_CAMP_JAVA/01_java/daemon/8.4/daemon-14779.out.log
2024-01-18T04:28:25.708+0900 [INFO] [org.gradle.launcher.daemon.server.exec.LogAndCheckHealth] Starting build in new daemon [memory: 512 MiB]
2024-01-18T04:28:25.710+0900 [INFO] [org.gradle.launcher.daemon.server.exec.ForwardClientInput] Closing daemon's stdin at end of input.
2024-01-18T04:28:25.710+0900 [INFO] [org.gradle.launcher.daemon.server.exec.ForwardClientInput] The daemon will no longer process any standard input.
2024-01-18T04:28:25.711+0900 [DEBUG] [org.gradle.launcher.daemon.server.exec.ExecuteBuild] The daemon has started executing the build.
2024-01-18T04:28:25.712+0900 [DEBUG] [org.gradle.launcher.daemon.server.exec.ExecuteBuild] Executing build with daemon context: DefaultDaemonContext[uid=ccb37950-ec45-4f6e-85d0-818cc06a87d8,javaHome=/Users/giyeonlee/Library/Java/JavaVirtualMachines/corretto-20.0.2.1/Contents/Home,daemonRegistryDir=/Users/giyeonlee/Downloads/Work_Space/Hanhwa_System_SW_CAMP_JAVA/01_java/daemon,pid=14779,idleTimeout=10800000,priority=NORMAL,applyInstrumentationAgent=true,daemonOpts=--add-opens=java.base/java.util=ALL-UNNAMED,--add-opens=java.base/java.lang=ALL-UNNAMED,--add-opens=java.base/java.lang.invoke=ALL-UNNAMED,--add-opens=java.prefs/java.util.prefs=ALL-UNNAMED,--add-opens=java.base/java.nio.charset=ALL-UNNAMED,--add-opens=java.base/java.net=ALL-UNNAMED,--add-opens=java.base/java.util.concurrent.atomic=ALL-UNNAMED,-XX:MaxMetaspaceSize=384m,-XX:+HeapDumpOnOutOfMemoryError,-Xms256m,-Xmx512m,-Dfile.encoding=UTF-8,-Duser.country=KR,-Duser.language=ko,-Duser.variant]

BUILD SUCCESSFUL in 34s
2024-01-18T04:28:56.554+0900 [DEBUG] [org.gradle.launcher.daemon.server.exec.ExecuteBuild] The daemon has finished executing the build.
2024-01-18T04:28:56.565+0900 [DEBUG] [org.gradle.launcher.daemon.server.DaemonStateCoordinator] daemon is running. Sleeping until state changes.
2024-01-18T04:28:56.565+0900 [DEBUG] [org.gradle.launcher.daemon.server.DaemonStateCoordinator] Command execution: finished waiting for DaemonCommandExecution[command = Build{id=5fb3b422-1aa2-4348-bfbd-43852ec44b08, currentDir=/Users/giyeonlee/Downloads/Work_Space/Hanhwa_System_SW_CAMP_JAVA/01_java/chap01-literal-and-variable-lecture-source}, connection = DefaultDaemonConnection: socket connection from /127.0.0.1:51810 to /127.0.0.1:51813]. Result org.gradle.launcher.daemon.server.DaemonStateCoordinator@18305351 with state Busy
2024-01-18T04:28:56.565+0900 [DEBUG] [org.gradle.launcher.daemon.server.DaemonStateCoordinator] Command execution: completed DaemonCommandExecution[command = Build{id=5fb3b422-1aa2-4348-bfbd-43852ec44b08, currentDir=/Users/giyeonlee/Downloads/Work_Space/Hanhwa_System_SW_CAMP_JAVA/01_java/chap01-literal-and-variable-lecture-source}, connection = DefaultDaemonConnection: socket connection from /127.0.0.1:51810 to /127.0.0.1:51813]
2024-01-18T04:28:56.566+0900 [DEBUG] [org.gradle.launcher.daemon.server.DaemonStateCoordinator] resetting idle timer
2024-01-18T04:28:56.566+0900 [INFO] [org.gradle.launcher.daemon.server.DaemonRegistryUpdater] Marking the daemon as idle, address: [be2ce8e8-cde7-4ca4-950f-d6241c11ceb8 port:51810, addresses:[localhost/127.0.0.1]]
2024-01-18T04:28:56.566+0900 [DEBUG] [org.gradle.launcher.daemon.registry.PersistentDaemonRegistry] Marking busy by address: [be2ce8e8-cde7-4ca4-950f-d6241c11ceb8 port:51810, addresses:[localhost/127.0.0.1]]
2024-01-18T04:28:56.567+0900 [DEBUG] [org.gradle.cache.internal.DefaultFileLockManager] Waiting to acquire exclusive lock on daemon addresses registry.
2024-01-18T04:28:56.567+0900 [DEBUG] [org.gradle.cache.internal.DefaultFileLockManager] Lock acquired on daemon addresses registry.
2024-01-18T04:28:56.569+0900 [DEBUG] [org.gradle.cache.internal.DefaultFileLockManager] Releasing lock on daemon addresses registry.
2024-01-18T04:28:56.569+0900 [DEBUG] [org.gradle.launcher.daemon.server.DaemonStateCoordinator] daemon is running. Sleeping until state changes.
2024-01-18T04:28:56.570+0900 [DEBUG] [org.gradle.launcher.daemon.server.exec.ReturnResult] Daemon is dispatching the build result: Success[value=org.gradle.launcher.exec.BuildActionResult@4f2d5a5c]
2024-01-18T04:28:56.570+0900 [DEBUG] [org.gradle.launcher.daemon.server.SynchronizedDispatchConnection] thread 31: dispatching Success[value=org.gradle.launcher.exec.BuildActionResult@4f2d5a5c]
2024-01-18T04:28:56.571+0900 [DEBUG] [org.gradle.launcher.daemon.server.DefaultIncomingConnectionHandler] Finishing executing command: Build{id=5fb3b422-1aa2-4348-bfbd-43852ec44b08, currentDir=/Users/giyeonlee/Downloads/Work_Space/Hanhwa_System_SW_CAMP_JAVA/01_java/chap01-literal-and-variable-lecture-source}
2024-01-18T04:28:56.571+0900 [DEBUG] [org.gradle.launcher.daemon.server.SynchronizedDispatchConnection] thread 32: received class org.gradle.launcher.daemon.protocol.Finished
2024-01-18T04:28:56.571+0900 [DEBUG] [org.gradle.launcher.daemon.server.DefaultDaemonConnection] thread 32: Received non-IO message from client: org.gradle.launcher.daemon.protocol.Finished@434a229e
2024-01-18T04:28:56.572+0900 [DEBUG] [org.gradle.launcher.daemon.server.DefaultIncomingConnectionHandler] Received finished message: org.gradle.launcher.daemon.protocol.Finished@434a229e
2024-01-18T04:28:56.572+0900 [DEBUG] [org.gradle.internal.remote.internal.inet.SocketConnection] Discarding EOFException: java.io.EOFException
2024-01-18T04:28:56.572+0900 [DEBUG] [org.gradle.launcher.daemon.server.SynchronizedDispatchConnection] thread 31: stopping connection
2024-01-18T04:28:56.572+0900 [DEBUG] [org.gradle.launcher.daemon.server.SynchronizedDispatchConnection] thread 32: received null
2024-01-18T04:28:56.573+0900 [DEBUG] [org.gradle.launcher.daemon.server.DefaultDaemonConnection] thread 32: Received end-of-input from client.
2024-01-18T04:28:56.583+0900 [DEBUG] [org.gradle.launcher.daemon.server.SynchronizedDispatchConnection] thread 31: stopping connection
2024-01-18T04:28:56.684+0900 [DEBUG] [org.gradle.cache.internal.LockOnDemandCrossProcessCacheAccess] Lock on artifact cache (/Users/giyeonlee/Downloads/Work_Space/Hanhwa_System_SW_CAMP_JAVA/01_java/caches/modules-2) requested by another process - releasing lock.
2024-01-18T04:28:56.684+0900 [DEBUG] [org.gradle.cache.internal.LockOnDemandCrossProcessCacheAccess] Releasing file lock for artifact cache (/Users/giyeonlee/Downloads/Work_Space/Hanhwa_System_SW_CAMP_JAVA/01_java/caches/modules-2)
2024-01-18T04:28:56.684+0900 [DEBUG] [org.gradle.cache.internal.DefaultFileLockManager] Releasing lock on artifact cache (/Users/giyeonlee/Downloads/Work_Space/Hanhwa_System_SW_CAMP_JAVA/01_java/caches/modules-2).
2024-01-18T04:28:56.685+0900 [DEBUG] [org.gradle.cache.internal.locklistener.FileLockCommunicator] Confirming lock release to Gradle process at port 64425 for lock with id 1997502229513224495.
2024-01-18T04:28:56.685+0900 [DEBUG] [org.gradle.cache.internal.locklistener.FileLockCommunicator] Confirming lock release to Gradle process at port 64425 for lock with id 1997502229513224495.
2024-01-18T04:29:05.586+0900 [DEBUG] [org.gradle.cache.internal.DefaultFileLockManager] Waiting to acquire shared lock on daemon addresses registry.
2024-01-18T04:29:05.587+0900 [DEBUG] [org.gradle.cache.internal.DefaultFileLockManager] Lock acquired on daemon addresses registry.
2024-01-18T04:29:05.589+0900 [DEBUG] [org.gradle.cache.internal.DefaultFileLockManager] Releasing lock on daemon addresses registry.
2024-01-18T04:29:05.591+0900 [DEBUG] [org.gradle.cache.internal.DefaultFileLockManager] Waiting to acquire shared lock on daemon addresses registry.
2024-01-18T04:29:05.591+0900 [DEBUG] [org.gradle.cache.internal.DefaultFileLockManager] Lock acquired on daemon addresses registry.
2024-01-18T04:29:05.592+0900 [DEBUG] [org.gradle.cache.internal.DefaultFileLockManager] Releasing lock on daemon addresses registry.
2024-01-18T04:29:15.584+0900 [DEBUG] [org.gradle.cache.internal.DefaultFileLockManager] Waiting to acquire shared lock on daemon addresses registry.
2024-01-18T04:29:15.585+0900 [DEBUG] [org.gradle.cache.internal.DefaultFileLockManager] Lock acquired on daemon addresses registry.
2024-01-18T04:29:15.586+0900 [DEBUG] [org.gradle.cache.internal.DefaultFileLockManager] Releasing lock on daemon addresses registry.
2024-01-18T04:29:15.588+0900 [DEBUG] [org.gradle.cache.internal.DefaultFileLockManager] Waiting to acquire shared lock on daemon addresses registry.
2024-01-18T04:29:15.588+0900 [DEBUG] [org.gradle.cache.internal.DefaultFileLockManager] Lock acquired on daemon addresses registry.
2024-01-18T04:29:15.589+0900 [DEBUG] [org.gradle.cache.internal.DefaultFileLockManager] Releasing lock on daemon addresses registry.
2024-01-18T04:29:15.589+0900 [DEBUG] [org.gradle.cache.internal.DefaultFileLockManager] Waiting to acquire shared lock on daemon addresses registry.
2024-01-18T04:29:15.589+0900 [DEBUG] [org.gradle.cache.internal.DefaultFileLockManager] Lock acquired on daemon addresses registry.
2024-01-18T04:29:15.590+0900 [DEBUG] [org.gradle.cache.internal.DefaultFileLockManager] Releasing lock on daemon addresses registry.
2024-01-18T04:29:15.590+0900 [DEBUG] [org.gradle.cache.internal.DefaultFileLockManager] Waiting to acquire shared lock on daemon addresses registry.
2024-01-18T04:29:15.590+0900 [DEBUG] [org.gradle.cache.internal.DefaultFileLockManager] Lock acquired on daemon addresses registry.
2024-01-18T04:29:15.591+0900 [DEBUG] [org.gradle.cache.internal.DefaultFileLockManager] Releasing lock on daemon addresses registry.
2024-01-18T04:29:15.591+0900 [DEBUG] [org.gradle.launcher.daemon.server.DaemonRegistryUpdater] Storing daemon stop event: other compatible daemons were started and after being idle for 0 minutes and not recently used
2024-01-18T04:29:15.592+0900 [DEBUG] [org.gradle.launcher.daemon.registry.PersistentDaemonRegistry] Storing daemon stop event with timestamp 1705519755592
2024-01-18T04:29:15.594+0900 [DEBUG] [org.gradle.cache.internal.DefaultFileLockManager] Waiting to acquire exclusive lock on daemon addresses registry.
2024-01-18T04:29:15.594+0900 [DEBUG] [org.gradle.cache.internal.DefaultFileLockManager] Lock acquired on daemon addresses registry.
2024-01-18T04:29:15.595+0900 [DEBUG] [org.gradle.cache.internal.locklistener.DefaultFileLockContentionHandler] Gradle process at port 64425 confirmed unlock request for lock with id -2225336657017893562.
2024-01-18T04:29:15.595+0900 [DEBUG] [org.gradle.cache.internal.DefaultFileLockManager] Releasing lock on daemon addresses registry.
2024-01-18T04:29:15.595+0900 [DEBUG] [org.gradle.cache.internal.locklistener.DefaultFileLockContentionHandler] Gradle process at port 64425 confirmed unlock request for lock with id -2225336657017893562.
2024-01-18T04:29:15.596+0900 [LIFECYCLE] [org.gradle.launcher.daemon.server.DaemonStateCoordinator] Daemon will be stopped at the end of the build other compatible daemons were started and after being idle for 0 minutes and not recently used
2024-01-18T04:29:15.596+0900 [DEBUG] [org.gradle.launcher.daemon.server.DaemonStateCoordinator] Marking daemon stopped due to other compatible daemons were started and after being idle for 0 minutes and not recently used. The daemon is running a build: false
2024-01-18T04:29:15.596+0900 [DEBUG] [org.gradle.launcher.daemon.server.DaemonStateCoordinator] daemon has stopped.
2024-01-18T04:29:15.596+0900 [DEBUG] [org.gradle.launcher.daemon.server.Daemon] stop() called on daemon
2024-01-18T04:29:15.596+0900 [INFO] [org.gradle.launcher.daemon.server.Daemon] Stop requested. Daemon is removing its presence from the registry...
2024-01-18T04:29:15.596+0900 [DEBUG] [org.gradle.launcher.daemon.server.DaemonRegistryUpdater] Removing our presence to clients, eg. removing this address from the registry: [be2ce8e8-cde7-4ca4-950f-d6241c11ceb8 port:51810, addresses:[localhost/127.0.0.1]]
2024-01-18T04:29:15.596+0900 [DEBUG] [org.gradle.launcher.daemon.registry.PersistentDaemonRegistry] Removing daemon address: [be2ce8e8-cde7-4ca4-950f-d6241c11ceb8 port:51810, addresses:[localhost/127.0.0.1]]
2024-01-18T04:29:15.597+0900 [DEBUG] [org.gradle.cache.internal.DefaultFileLockManager] Waiting to acquire exclusive lock on daemon addresses registry.
2024-01-18T04:29:15.597+0900 [DEBUG] [org.gradle.cache.internal.DefaultFileLockManager] Lock acquired on daemon addresses registry.
2024-01-18T04:29:15.598+0900 [DEBUG] [org.gradle.cache.internal.DefaultFileLockManager] Releasing lock on daemon addresses registry.
2024-01-18T04:29:15.599+0900 [DEBUG] [org.gradle.launcher.daemon.server.DaemonRegistryUpdater] Address removed from registry.
2024-01-18T04:29:15.602+0900 [DEBUG] [org.gradle.cache.internal.DefaultPersistentDirectoryStore] jars (/Users/giyeonlee/Downloads/Work_Space/Hanhwa_System_SW_CAMP_JAVA/01_java/caches/jars-9) has last been fully cleaned up 0 hours ago
2024-01-18T04:29:15.602+0900 [DEBUG] [org.gradle.cache.internal.DefaultCacheCoordinator] Cache jars (/Users/giyeonlee/Downloads/Work_Space/Hanhwa_System_SW_CAMP_JAVA/01_java/caches/jars-9) was closed 12 times.
2024-01-18T04:29:15.602+0900 [DEBUG] [org.gradle.cache.internal.DefaultPersistentDirectoryStore] Artifact transforms cache (/Users/giyeonlee/Downloads/Work_Space/Hanhwa_System_SW_CAMP_JAVA/01_java/caches/transforms-3) has last been fully cleaned up 0 hours ago
2024-01-18T04:29:15.602+0900 [DEBUG] [org.gradle.cache.internal.DefaultCacheCoordinator] Cache Artifact transforms cache (/Users/giyeonlee/Downloads/Work_Space/Hanhwa_System_SW_CAMP_JAVA/01_java/caches/transforms-3) was closed 0 times.
2024-01-18T04:29:15.603+0900 [DEBUG] [org.gradle.cache.internal.DefaultCacheCoordinator] Cache file content cache (/Users/giyeonlee/Downloads/Work_Space/Hanhwa_System_SW_CAMP_JAVA/01_java/caches/8.4/fileContent) was closed 2 times.
2024-01-18T04:29:15.603+0900 [DEBUG] [org.gradle.internal.watch.vfs.impl.WatchingVirtualFileSystem] Closing VFS, dropping state
2024-01-18T04:29:15.604+0900 [DEBUG] [org.gradle.internal.watch.registry.impl.DefaultFileWatcherRegistry] Finished listening to file system change events
2024-01-18T04:29:15.604+0900 [DEBUG] [org.gradle.cache.internal.DefaultCacheCoordinator] Cache Generated Gradle JARs cache (/Users/giyeonlee/Downloads/Work_Space/Hanhwa_System_SW_CAMP_JAVA/01_java/caches/8.4/generated-gradle-jars) was closed 0 times.
2024-01-18T04:29:15.604+0900 [DEBUG] [org.gradle.cache.internal.DefaultPersistentDirectoryStore] artifact cache (/Users/giyeonlee/Downloads/Work_Space/Hanhwa_System_SW_CAMP_JAVA/01_java/caches/modules-2) has last been fully cleaned up 0 hours ago
2024-01-18T04:29:15.605+0900 [DEBUG] [org.gradle.cache.internal.DefaultCacheCoordinator] Cache artifact cache (/Users/giyeonlee/Downloads/Work_Space/Hanhwa_System_SW_CAMP_JAVA/01_java/caches/modules-2) was closed 9 times.
2024-01-18T04:29:15.605+0900 [DEBUG] [org.gradle.cache.internal.DefaultCacheCoordinator] Cache journal cache (/Users/giyeonlee/Downloads/Work_Space/Hanhwa_System_SW_CAMP_JAVA/01_java/caches/journal-1) was closed 14 times.
2024-01-18T04:29:15.605+0900 [DEBUG] [org.gradle.cache.internal.DefaultCacheCoordinator] Cache file hash cache (/Users/giyeonlee/Downloads/Work_Space/Hanhwa_System_SW_CAMP_JAVA/01_java/caches/8.4/fileHashes) was closed 12 times.
2024-01-18T04:29:15.606+0900 [DEBUG] [org.gradle.cache.internal.LockOnDemandCrossProcessCacheAccess] Releasing file lock for execution history cache (/Users/giyeonlee/Downloads/Work_Space/Hanhwa_System_SW_CAMP_JAVA/01_java/caches/8.4/executionHistory)
2024-01-18T04:29:15.606+0900 [DEBUG] [org.gradle.cache.internal.DefaultFileLockManager] Releasing lock on execution history cache (/Users/giyeonlee/Downloads/Work_Space/Hanhwa_System_SW_CAMP_JAVA/01_java/caches/8.4/executionHistory).
Daemon vm is shutting down... The daemon has exited normally or was terminated in response to a user interrupt.
2024-01-18T04:29:15.607+0900 [DEBUG] [org.gradle.launcher.daemon.registry.PersistentDaemonRegistry] Removing daemon address: [be2ce8e8-cde7-4ca4-950f-d6241c11ceb8 port:51810, addresses:[localhost/127.0.0.1]]
2024-01-18T04:29:15.607+0900 [DEBUG] [org.gradle.cache.internal.DefaultFileLockManager] Waiting to acquire exclusive lock on daemon addresses registry.
2024-01-18T04:29:15.608+0900 [DEBUG] [org.gradle.cache.internal.DefaultFileLockManager] Lock acquired on daemon addresses registry.
2024-01-18T04:29:15.608+0900 [DEBUG] [org.gradle.cache.internal.DefaultFileLockManager] Releasing lock on daemon addresses registry.
