2024-01-18T04:28:25.014+0900 [DEBUG] [org.gradle.launcher.daemon.bootstrap.DaemonMain] Assuming the daemon was started with following jvm opts: [--add-opens=java.base/java.util=ALL-UNNAMED, --add-opens=java.base/java.lang=ALL-UNNAMED, --add-opens=java.base/java.lang.invoke=ALL-UNNAMED, --add-opens=java.prefs/java.util.prefs=ALL-UNNAMED, --add-opens=java.base/java.nio.charset=ALL-UNNAMED, --add-opens=java.base/java.net=ALL-UNNAMED, --add-opens=java.base/java.util.concurrent.atomic=ALL-UNNAMED, -XX:MaxMetaspaceSize=384m, -XX:+HeapDumpOnOutOfMemoryError, -Xms256m, -Xmx512m, -Dfile.encoding=UTF-8, -Duser.country=KR, -Duser.language=ko, -Duser.variant]
2024-01-18T04:28:25.335+0900 [INFO] [org.gradle.launcher.daemon.server.Daemon] start() called on daemon - DefaultDaemonContext[uid=659f7820-fa04-4f29-95fd-2d19e3be8cdd,javaHome=/Users/giyeonlee/Library/Java/JavaVirtualMachines/corretto-20.0.2.1/Contents/Home,daemonRegistryDir=/Users/giyeonlee/Downloads/Work_Space/Hanhwa_System_SW_CAMP_JAVA/01_java/daemon,pid=14780,idleTimeout=10800000,priority=NORMAL,applyInstrumentationAgent=true,daemonOpts=--add-opens=java.base/java.util=ALL-UNNAMED,--add-opens=java.base/java.lang=ALL-UNNAMED,--add-opens=java.base/java.lang.invoke=ALL-UNNAMED,--add-opens=java.prefs/java.util.prefs=ALL-UNNAMED,--add-opens=java.base/java.nio.charset=ALL-UNNAMED,--add-opens=java.base/java.net=ALL-UNNAMED,--add-opens=java.base/java.util.concurrent.atomic=ALL-UNNAMED,-XX:MaxMetaspaceSize=384m,-XX:+HeapDumpOnOutOfMemoryError,-Xms256m,-Xmx512m,-Dfile.encoding=UTF-8,-Duser.country=KR,-Duser.language=ko,-Duser.variant]
2024-01-18T04:28:25.407+0900 [DEBUG] [org.gradle.internal.remote.internal.inet.InetAddresses] Adding IP addresses for network interface utun6
2024-01-18T04:28:25.409+0900 [DEBUG] [org.gradle.internal.remote.internal.inet.InetAddresses] Is this a loopback interface? false
2024-01-18T04:28:25.410+0900 [DEBUG] [org.gradle.internal.remote.internal.inet.InetAddresses] Adding remote address /fe80:0:0:0:82a6:badc:21b5:bcac%utun6
2024-01-18T04:28:25.411+0900 [DEBUG] [org.gradle.internal.remote.internal.inet.InetAddresses] Adding IP addresses for network interface utun5
2024-01-18T04:28:25.414+0900 [DEBUG] [org.gradle.internal.remote.internal.inet.InetAddresses] Is this a loopback interface? false
2024-01-18T04:28:25.414+0900 [DEBUG] [org.gradle.internal.remote.internal.inet.InetAddresses] Adding remote address /fe80:0:0:0:5e2b:5b17:9186:db49%utun5
2024-01-18T04:28:25.415+0900 [DEBUG] [org.gradle.internal.remote.internal.inet.InetAddresses] Adding IP addresses for network interface utun4
2024-01-18T04:28:25.415+0900 [DEBUG] [org.gradle.internal.remote.internal.inet.InetAddresses] Is this a loopback interface? false
2024-01-18T04:28:25.416+0900 [DEBUG] [org.gradle.internal.remote.internal.inet.InetAddresses] Adding remote address /fe80:0:0:0:bce:7a6c:e7c1:ff64%utun4
2024-01-18T04:28:25.417+0900 [DEBUG] [org.gradle.internal.remote.internal.inet.InetAddresses] Adding IP addresses for network interface utun3
2024-01-18T04:28:25.417+0900 [DEBUG] [org.gradle.internal.remote.internal.inet.InetAddresses] Is this a loopback interface? false
2024-01-18T04:28:25.421+0900 [DEBUG] [org.gradle.internal.remote.internal.inet.InetAddresses] Adding remote address /fe80:0:0:0:ce81:b1c:bd2c:69e%utun3
2024-01-18T04:28:25.423+0900 [DEBUG] [org.gradle.internal.remote.internal.inet.InetAddresses] Adding IP addresses for network interface utun2
2024-01-18T04:28:25.427+0900 [DEBUG] [org.gradle.internal.remote.internal.inet.InetAddresses] Is this a loopback interface? false
2024-01-18T04:28:25.431+0900 [DEBUG] [org.gradle.internal.remote.internal.inet.InetAddresses] Adding remote address /fe80:0:0:0:c336:6ad5:a7b9:7696%utun2
2024-01-18T04:28:25.433+0900 [DEBUG] [org.gradle.internal.remote.internal.inet.InetAddresses] Adding IP addresses for network interface utun1
2024-01-18T04:28:25.435+0900 [DEBUG] [org.gradle.internal.remote.internal.inet.InetAddresses] Is this a loopback interface? false
2024-01-18T04:28:25.435+0900 [DEBUG] [org.gradle.internal.remote.internal.inet.InetAddresses] Adding remote address /fe80:0:0:0:b78d:d5be:8b96:4c86%utun1
2024-01-18T04:28:25.436+0900 [DEBUG] [org.gradle.internal.remote.internal.inet.InetAddresses] Adding IP addresses for network interface utun0
2024-01-18T04:28:25.436+0900 [DEBUG] [org.gradle.internal.remote.internal.inet.InetAddresses] Is this a loopback interface? false
2024-01-18T04:28:25.436+0900 [DEBUG] [org.gradle.internal.remote.internal.inet.InetAddresses] Adding remote address /fe80:0:0:0:3c89:b702:b788:6ae8%utun0
2024-01-18T04:28:25.437+0900 [DEBUG] [org.gradle.internal.remote.internal.inet.InetAddresses] Adding IP addresses for network interface llw0
2024-01-18T04:28:25.437+0900 [DEBUG] [org.gradle.internal.remote.internal.inet.InetAddresses] Is this a loopback interface? false
2024-01-18T04:28:25.438+0900 [DEBUG] [org.gradle.internal.remote.internal.inet.InetAddresses] Adding remote address /fe80:0:0:0:c407:88ff:fe12:49b1%llw0
2024-01-18T04:28:25.438+0900 [DEBUG] [org.gradle.internal.remote.internal.inet.InetAddresses] Adding IP addresses for network interface awdl0
2024-01-18T04:28:25.438+0900 [DEBUG] [org.gradle.internal.remote.internal.inet.InetAddresses] Is this a loopback interface? false
2024-01-18T04:28:25.438+0900 [DEBUG] [org.gradle.internal.remote.internal.inet.InetAddresses] Adding remote address /fe80:0:0:0:c407:88ff:fe12:49b1%awdl0
2024-01-18T04:28:25.439+0900 [DEBUG] [org.gradle.internal.remote.internal.inet.InetAddresses] Adding IP addresses for network interface ap1
2024-01-18T04:28:25.439+0900 [DEBUG] [org.gradle.internal.remote.internal.inet.InetAddresses] Is this a loopback interface? false
2024-01-18T04:28:25.439+0900 [DEBUG] [org.gradle.internal.remote.internal.inet.InetAddresses] Adding remote address /fe80:0:0:0:3c22:fbff:feec:8895%ap1
2024-01-18T04:28:25.440+0900 [DEBUG] [org.gradle.internal.remote.internal.inet.InetAddresses] Adding IP addresses for network interface en5
2024-01-18T04:28:25.440+0900 [DEBUG] [org.gradle.internal.remote.internal.inet.InetAddresses] Is this a loopback interface? false
2024-01-18T04:28:25.440+0900 [DEBUG] [org.gradle.internal.remote.internal.inet.InetAddresses] Adding remote address /fe80:0:0:0:aede:48ff:fe00:1122%en5
2024-01-18T04:28:25.440+0900 [DEBUG] [org.gradle.internal.remote.internal.inet.InetAddresses] Adding IP addresses for network interface en0
2024-01-18T04:28:25.441+0900 [DEBUG] [org.gradle.internal.remote.internal.inet.InetAddresses] Is this a loopback interface? false
2024-01-18T04:28:25.441+0900 [DEBUG] [org.gradle.internal.remote.internal.inet.InetAddresses] Adding remote address /fe80:0:0:0:8ec:1e7d:8ba4:1af5%en0
2024-01-18T04:28:25.441+0900 [DEBUG] [org.gradle.internal.remote.internal.inet.InetAddresses] Adding remote address /192.168.0.137
2024-01-18T04:28:25.444+0900 [DEBUG] [org.gradle.internal.remote.internal.inet.InetAddresses] Adding IP addresses for network interface lo0
2024-01-18T04:28:25.445+0900 [DEBUG] [org.gradle.internal.remote.internal.inet.InetAddresses] Is this a loopback interface? true
2024-01-18T04:28:25.446+0900 [DEBUG] [org.gradle.internal.remote.internal.inet.InetAddresses] Ignoring remote address on loopback interface /fe80:0:0:0:0:0:0:1%lo0
2024-01-18T04:28:25.446+0900 [DEBUG] [org.gradle.internal.remote.internal.inet.InetAddresses] Adding loopback address /0:0:0:0:0:0:0:1%lo0
2024-01-18T04:28:25.446+0900 [DEBUG] [org.gradle.internal.remote.internal.inet.InetAddresses] Adding loopback address /127.0.0.1
2024-01-18T04:28:25.459+0900 [DEBUG] [org.gradle.internal.remote.internal.inet.TcpIncomingConnector] Listening on [60c323a4-282a-45c1-a3fa-8c9138b03c17 port:51808, addresses:[localhost/127.0.0.1]].
2024-01-18T04:28:25.487+0900 [DEBUG] [org.gradle.launcher.daemon.server.Daemon] Daemon starting at: Thu Jan 18 04:28:25 KST 2024, with address: [60c323a4-282a-45c1-a3fa-8c9138b03c17 port:51808, addresses:[localhost/127.0.0.1]]
2024-01-18T04:28:25.501+0900 [INFO] [org.gradle.launcher.daemon.server.DaemonRegistryUpdater] Advertising the daemon address to the clients: [60c323a4-282a-45c1-a3fa-8c9138b03c17 port:51808, addresses:[localhost/127.0.0.1]]
2024-01-18T04:28:25.501+0900 [DEBUG] [org.gradle.launcher.daemon.server.DaemonRegistryUpdater] Advertised daemon context: DefaultDaemonContext[uid=659f7820-fa04-4f29-95fd-2d19e3be8cdd,javaHome=/Users/giyeonlee/Library/Java/JavaVirtualMachines/corretto-20.0.2.1/Contents/Home,daemonRegistryDir=/Users/giyeonlee/Downloads/Work_Space/Hanhwa_System_SW_CAMP_JAVA/01_java/daemon,pid=14780,idleTimeout=10800000,priority=NORMAL,applyInstrumentationAgent=true,daemonOpts=--add-opens=java.base/java.util=ALL-UNNAMED,--add-opens=java.base/java.lang=ALL-UNNAMED,--add-opens=java.base/java.lang.invoke=ALL-UNNAMED,--add-opens=java.prefs/java.util.prefs=ALL-UNNAMED,--add-opens=java.base/java.nio.charset=ALL-UNNAMED,--add-opens=java.base/java.net=ALL-UNNAMED,--add-opens=java.base/java.util.concurrent.atomic=ALL-UNNAMED,-XX:MaxMetaspaceSize=384m,-XX:+HeapDumpOnOutOfMemoryError,-Xms256m,-Xmx512m,-Dfile.encoding=UTF-8,-Duser.country=KR,-Duser.language=ko,-Duser.variant]
2024-01-18T04:28:25.502+0900 [DEBUG] [org.gradle.launcher.daemon.registry.PersistentDaemonRegistry] Storing daemon address: [60c323a4-282a-45c1-a3fa-8c9138b03c17 port:51808, addresses:[localhost/127.0.0.1]], context: DefaultDaemonContext[uid=659f7820-fa04-4f29-95fd-2d19e3be8cdd,javaHome=/Users/giyeonlee/Library/Java/JavaVirtualMachines/corretto-20.0.2.1/Contents/Home,daemonRegistryDir=/Users/giyeonlee/Downloads/Work_Space/Hanhwa_System_SW_CAMP_JAVA/01_java/daemon,pid=14780,idleTimeout=10800000,priority=NORMAL,applyInstrumentationAgent=true,daemonOpts=--add-opens=java.base/java.util=ALL-UNNAMED,--add-opens=java.base/java.lang=ALL-UNNAMED,--add-opens=java.base/java.lang.invoke=ALL-UNNAMED,--add-opens=java.prefs/java.util.prefs=ALL-UNNAMED,--add-opens=java.base/java.nio.charset=ALL-UNNAMED,--add-opens=java.base/java.net=ALL-UNNAMED,--add-opens=java.base/java.util.concurrent.atomic=ALL-UNNAMED,-XX:MaxMetaspaceSize=384m,-XX:+HeapDumpOnOutOfMemoryError,-Xms256m,-Xmx512m,-Dfile.encoding=UTF-8,-Duser.country=KR,-Duser.language=ko,-Duser.variant]
2024-01-18T04:28:25.534+0900 [DEBUG] [org.gradle.cache.internal.DefaultFileLockManager] Waiting to acquire exclusive lock on daemon addresses registry.
2024-01-18T04:28:25.540+0900 [DEBUG] [org.gradle.cache.internal.DefaultFileLockManager] Lock acquired on daemon addresses registry.
2024-01-18T04:28:25.546+0900 [DEBUG] [org.gradle.cache.internal.DefaultFileLockManager] Releasing lock on daemon addresses registry.
2024-01-18T04:28:25.547+0900 [LIFECYCLE] [org.gradle.launcher.daemon.server.Daemon] Daemon server started.
2024-01-18T04:28:25.549+0900 [DEBUG] [org.gradle.launcher.daemon.bootstrap.DaemonStartupCommunication] Completed writing the daemon greeting. Closing streams...
2024-01-18T04:28:25.555+0900 [DEBUG] [org.gradle.launcher.daemon.server.Daemon] stopOnExpiration() called on daemon
2024-01-18T04:28:25.557+0900 [DEBUG] [org.gradle.launcher.daemon.server.Daemon] awaitExpiration() called on daemon
2024-01-18T04:28:25.557+0900 [DEBUG] [org.gradle.launcher.daemon.server.DaemonStateCoordinator] daemon is running. Sleeping until state changes.
2024-01-18T04:28:25.558+0900 [DEBUG] [org.gradle.internal.remote.internal.inet.TcpIncomingConnector] Accepted connection from /127.0.0.1:51812 to /127.0.0.1:51808.
2024-01-18T04:28:25.651+0900 [DEBUG] [org.gradle.launcher.daemon.server.SynchronizedDispatchConnection] thread 32: received class org.gradle.launcher.daemon.protocol.Build
2024-01-18T04:28:25.651+0900 [DEBUG] [org.gradle.launcher.daemon.server.DefaultDaemonConnection] thread 32: Received non-IO message from client: Build{id=1665fefb-abe4-4035-90ac-55c3a3c1a907, currentDir=/Users/giyeonlee/Downloads/Work_Space/Hanhwa_System_SW_CAMP_JAVA/01_java/chap01-literal-and-variable-lecture-source}
2024-01-18T04:28:25.653+0900 [INFO] [org.gradle.launcher.daemon.server.DefaultIncomingConnectionHandler] Received command: Build{id=1665fefb-abe4-4035-90ac-55c3a3c1a907, currentDir=/Users/giyeonlee/Downloads/Work_Space/Hanhwa_System_SW_CAMP_JAVA/01_java/chap01-literal-and-variable-lecture-source}.
2024-01-18T04:28:25.653+0900 [DEBUG] [org.gradle.launcher.daemon.server.DefaultIncomingConnectionHandler] Starting executing command: Build{id=1665fefb-abe4-4035-90ac-55c3a3c1a907, currentDir=/Users/giyeonlee/Downloads/Work_Space/Hanhwa_System_SW_CAMP_JAVA/01_java/chap01-literal-and-variable-lecture-source} with connection: socket connection from /127.0.0.1:51808 to /127.0.0.1:51812.
2024-01-18T04:28:25.659+0900 [DEBUG] [org.gradle.launcher.daemon.server.DaemonStateCoordinator] Command execution: started DaemonCommandExecution[command = Build{id=1665fefb-abe4-4035-90ac-55c3a3c1a907, currentDir=/Users/giyeonlee/Downloads/Work_Space/Hanhwa_System_SW_CAMP_JAVA/01_java/chap01-literal-and-variable-lecture-source}, connection = DefaultDaemonConnection: socket connection from /127.0.0.1:51808 to /127.0.0.1:51812] after 0.0 minutes of idle
2024-01-18T04:28:25.660+0900 [INFO] [org.gradle.launcher.daemon.server.DaemonRegistryUpdater] Marking the daemon as busy, address: [60c323a4-282a-45c1-a3fa-8c9138b03c17 port:51808, addresses:[localhost/127.0.0.1]]
2024-01-18T04:28:25.661+0900 [DEBUG] [org.gradle.launcher.daemon.registry.PersistentDaemonRegistry] Marking busy by address: [60c323a4-282a-45c1-a3fa-8c9138b03c17 port:51808, addresses:[localhost/127.0.0.1]]
2024-01-18T04:28:25.662+0900 [DEBUG] [org.gradle.cache.internal.DefaultFileLockManager] Waiting to acquire exclusive lock on daemon addresses registry.
2024-01-18T04:28:25.663+0900 [DEBUG] [org.gradle.cache.internal.DefaultFileLockManager] Lock acquired on daemon addresses registry.
2024-01-18T04:28:25.665+0900 [DEBUG] [org.gradle.cache.internal.DefaultFileLockManager] Releasing lock on daemon addresses registry.
2024-01-18T04:28:25.666+0900 [DEBUG] [org.gradle.launcher.daemon.server.DaemonStateCoordinator] resetting idle timer
2024-01-18T04:28:25.668+0900 [DEBUG] [org.gradle.launcher.daemon.server.DaemonStateCoordinator] daemon is running. Sleeping until state changes.
2024-01-18T04:28:25.670+0900 [INFO] [org.gradle.launcher.daemon.server.exec.StartBuildOrRespondWithBusy] Daemon is about to start building Build{id=1665fefb-abe4-4035-90ac-55c3a3c1a907, currentDir=/Users/giyeonlee/Downloads/Work_Space/Hanhwa_System_SW_CAMP_JAVA/01_java/chap01-literal-and-variable-lecture-source}. Dispatching build started information...
2024-01-18T04:28:25.671+0900 [DEBUG] [org.gradle.launcher.daemon.server.SynchronizedDispatchConnection] thread 34: dispatching org.gradle.launcher.daemon.protocol.BuildStarted@1e9fc9f6
2024-01-18T04:28:25.673+0900 [DEBUG] [org.gradle.launcher.daemon.server.exec.EstablishBuildEnvironment] Configuring env variables: [PATH, __CFBundleIdentifier, SHELL, OLDPWD, USER, COMMAND_MODE, TMPDIR, SSH_AUTH_SOCK, XPC_FLAGS, __CF_USER_TEXT_ENCODING, LOGNAME, LC_CTYPE, XPC_SERVICE_NAME, IDEA_INITIAL_DIRECTORY, HOME]
2024-01-18T04:28:25.679+0900 [DEBUG] [org.gradle.launcher.daemon.server.exec.LogToClient] About to start relaying all logs to the client via the connection.
2024-01-18T04:28:25.680+0900 [INFO] [org.gradle.launcher.daemon.server.exec.LogToClient] The client will now receive all logging from the daemon (pid: 14780). The daemon log file: /Users/giyeonlee/Downloads/Work_Space/Hanhwa_System_SW_CAMP_JAVA/01_java/daemon/8.4/daemon-14780.out.log
2024-01-18T04:28:25.687+0900 [INFO] [org.gradle.launcher.daemon.server.exec.LogAndCheckHealth] Starting build in new daemon [memory: 512 MiB]
2024-01-18T04:28:25.698+0900 [DEBUG] [org.gradle.launcher.daemon.server.exec.ExecuteBuild] The daemon has started executing the build.
2024-01-18T04:28:25.698+0900 [DEBUG] [org.gradle.launcher.daemon.server.SynchronizedDispatchConnection] thread 32: received class org.gradle.launcher.daemon.protocol.CloseInput
2024-01-18T04:28:25.698+0900 [DEBUG] [org.gradle.launcher.daemon.server.exec.ExecuteBuild] Executing build with daemon context: DefaultDaemonContext[uid=659f7820-fa04-4f29-95fd-2d19e3be8cdd,javaHome=/Users/giyeonlee/Library/Java/JavaVirtualMachines/corretto-20.0.2.1/Contents/Home,daemonRegistryDir=/Users/giyeonlee/Downloads/Work_Space/Hanhwa_System_SW_CAMP_JAVA/01_java/daemon,pid=14780,idleTimeout=10800000,priority=NORMAL,applyInstrumentationAgent=true,daemonOpts=--add-opens=java.base/java.util=ALL-UNNAMED,--add-opens=java.base/java.lang=ALL-UNNAMED,--add-opens=java.base/java.lang.invoke=ALL-UNNAMED,--add-opens=java.prefs/java.util.prefs=ALL-UNNAMED,--add-opens=java.base/java.nio.charset=ALL-UNNAMED,--add-opens=java.base/java.net=ALL-UNNAMED,--add-opens=java.base/java.util.concurrent.atomic=ALL-UNNAMED,-XX:MaxMetaspaceSize=384m,-XX:+HeapDumpOnOutOfMemoryError,-Xms256m,-Xmx512m,-Dfile.encoding=UTF-8,-Duser.country=KR,-Duser.language=ko,-Duser.variant]
2024-01-18T04:28:25.698+0900 [DEBUG] [org.gradle.launcher.daemon.server.DefaultDaemonConnection] thread 32: Received IO message from client: org.gradle.launcher.daemon.protocol.CloseInput@7ec68457
2024-01-18T04:28:25.699+0900 [INFO] [org.gradle.launcher.daemon.server.exec.ForwardClientInput] Closing daemon's stdin at end of input.
2024-01-18T04:28:25.699+0900 [INFO] [org.gradle.launcher.daemon.server.exec.ForwardClientInput] The daemon will no longer process any standard input.

BUILD SUCCESSFUL in 34s
2024-01-18T04:28:56.901+0900 [DEBUG] [org.gradle.launcher.daemon.server.exec.ExecuteBuild] The daemon has finished executing the build.
2024-01-18T04:28:56.909+0900 [DEBUG] [org.gradle.launcher.daemon.server.DaemonStateCoordinator] daemon is running. Sleeping until state changes.
2024-01-18T04:28:56.910+0900 [DEBUG] [org.gradle.launcher.daemon.server.DaemonStateCoordinator] Command execution: finished waiting for DaemonCommandExecution[command = Build{id=1665fefb-abe4-4035-90ac-55c3a3c1a907, currentDir=/Users/giyeonlee/Downloads/Work_Space/Hanhwa_System_SW_CAMP_JAVA/01_java/chap01-literal-and-variable-lecture-source}, connection = DefaultDaemonConnection: socket connection from /127.0.0.1:51808 to /127.0.0.1:51812]. Result org.gradle.launcher.daemon.server.DaemonStateCoordinator@28bb6c6f with state Busy
2024-01-18T04:28:56.910+0900 [DEBUG] [org.gradle.launcher.daemon.server.DaemonStateCoordinator] Command execution: completed DaemonCommandExecution[command = Build{id=1665fefb-abe4-4035-90ac-55c3a3c1a907, currentDir=/Users/giyeonlee/Downloads/Work_Space/Hanhwa_System_SW_CAMP_JAVA/01_java/chap01-literal-and-variable-lecture-source}, connection = DefaultDaemonConnection: socket connection from /127.0.0.1:51808 to /127.0.0.1:51812]
2024-01-18T04:28:56.911+0900 [DEBUG] [org.gradle.launcher.daemon.server.DaemonStateCoordinator] resetting idle timer
2024-01-18T04:28:56.911+0900 [INFO] [org.gradle.launcher.daemon.server.DaemonRegistryUpdater] Marking the daemon as idle, address: [60c323a4-282a-45c1-a3fa-8c9138b03c17 port:51808, addresses:[localhost/127.0.0.1]]
2024-01-18T04:28:56.911+0900 [DEBUG] [org.gradle.launcher.daemon.registry.PersistentDaemonRegistry] Marking busy by address: [60c323a4-282a-45c1-a3fa-8c9138b03c17 port:51808, addresses:[localhost/127.0.0.1]]
2024-01-18T04:28:56.912+0900 [DEBUG] [org.gradle.cache.internal.DefaultFileLockManager] Waiting to acquire exclusive lock on daemon addresses registry.
2024-01-18T04:28:56.912+0900 [DEBUG] [org.gradle.cache.internal.DefaultFileLockManager] Lock acquired on daemon addresses registry.
2024-01-18T04:28:56.913+0900 [DEBUG] [org.gradle.cache.internal.DefaultFileLockManager] Releasing lock on daemon addresses registry.
2024-01-18T04:28:56.914+0900 [DEBUG] [org.gradle.launcher.daemon.server.DaemonStateCoordinator] daemon is running. Sleeping until state changes.
2024-01-18T04:28:56.914+0900 [DEBUG] [org.gradle.launcher.daemon.server.exec.ReturnResult] Daemon is dispatching the build result: Success[value=org.gradle.launcher.exec.BuildActionResult@5bec4ccf]
2024-01-18T04:28:56.915+0900 [DEBUG] [org.gradle.launcher.daemon.server.SynchronizedDispatchConnection] thread 31: dispatching Success[value=org.gradle.launcher.exec.BuildActionResult@5bec4ccf]
2024-01-18T04:28:56.916+0900 [DEBUG] [org.gradle.launcher.daemon.server.DefaultIncomingConnectionHandler] Finishing executing command: Build{id=1665fefb-abe4-4035-90ac-55c3a3c1a907, currentDir=/Users/giyeonlee/Downloads/Work_Space/Hanhwa_System_SW_CAMP_JAVA/01_java/chap01-literal-and-variable-lecture-source}
2024-01-18T04:28:56.917+0900 [DEBUG] [org.gradle.launcher.daemon.server.SynchronizedDispatchConnection] thread 32: received class org.gradle.launcher.daemon.protocol.Finished
2024-01-18T04:28:56.917+0900 [DEBUG] [org.gradle.launcher.daemon.server.DefaultDaemonConnection] thread 32: Received non-IO message from client: org.gradle.launcher.daemon.protocol.Finished@2ed692b9
2024-01-18T04:28:56.917+0900 [DEBUG] [org.gradle.launcher.daemon.server.DefaultIncomingConnectionHandler] Received finished message: org.gradle.launcher.daemon.protocol.Finished@2ed692b9
2024-01-18T04:28:56.918+0900 [DEBUG] [org.gradle.internal.remote.internal.inet.SocketConnection] Discarding EOFException: java.io.EOFException
2024-01-18T04:28:56.918+0900 [DEBUG] [org.gradle.launcher.daemon.server.SynchronizedDispatchConnection] thread 31: stopping connection
2024-01-18T04:28:56.918+0900 [DEBUG] [org.gradle.launcher.daemon.server.SynchronizedDispatchConnection] thread 32: received null
2024-01-18T04:28:56.919+0900 [DEBUG] [org.gradle.launcher.daemon.server.DefaultDaemonConnection] thread 32: Received end-of-input from client.
2024-01-18T04:28:56.930+0900 [DEBUG] [org.gradle.launcher.daemon.server.SynchronizedDispatchConnection] thread 31: stopping connection
2024-01-18T04:29:05.561+0900 [DEBUG] [org.gradle.cache.internal.DefaultFileLockManager] Waiting to acquire shared lock on daemon addresses registry.
2024-01-18T04:29:05.562+0900 [DEBUG] [org.gradle.cache.internal.DefaultFileLockManager] Lock acquired on daemon addresses registry.
2024-01-18T04:29:05.564+0900 [DEBUG] [org.gradle.cache.internal.DefaultFileLockManager] Releasing lock on daemon addresses registry.
2024-01-18T04:29:05.566+0900 [DEBUG] [org.gradle.cache.internal.DefaultFileLockManager] Waiting to acquire shared lock on daemon addresses registry.
2024-01-18T04:29:05.567+0900 [DEBUG] [org.gradle.cache.internal.DefaultFileLockManager] Lock acquired on daemon addresses registry.
2024-01-18T04:29:05.568+0900 [DEBUG] [org.gradle.cache.internal.DefaultFileLockManager] Releasing lock on daemon addresses registry.
2024-01-18T04:29:15.560+0900 [DEBUG] [org.gradle.cache.internal.DefaultFileLockManager] Waiting to acquire shared lock on daemon addresses registry.
2024-01-18T04:29:15.561+0900 [DEBUG] [org.gradle.cache.internal.DefaultFileLockManager] Lock acquired on daemon addresses registry.
2024-01-18T04:29:15.563+0900 [DEBUG] [org.gradle.cache.internal.DefaultFileLockManager] Releasing lock on daemon addresses registry.
2024-01-18T04:29:15.565+0900 [DEBUG] [org.gradle.cache.internal.DefaultFileLockManager] Waiting to acquire shared lock on daemon addresses registry.
2024-01-18T04:29:15.566+0900 [DEBUG] [org.gradle.cache.internal.DefaultFileLockManager] Lock acquired on daemon addresses registry.
2024-01-18T04:29:15.566+0900 [DEBUG] [org.gradle.cache.internal.DefaultFileLockManager] Releasing lock on daemon addresses registry.
2024-01-18T04:29:15.567+0900 [DEBUG] [org.gradle.cache.internal.DefaultFileLockManager] Waiting to acquire shared lock on daemon addresses registry.
2024-01-18T04:29:15.568+0900 [DEBUG] [org.gradle.cache.internal.DefaultFileLockManager] Lock acquired on daemon addresses registry.
2024-01-18T04:29:15.569+0900 [DEBUG] [org.gradle.cache.internal.DefaultFileLockManager] Releasing lock on daemon addresses registry.
2024-01-18T04:29:15.569+0900 [DEBUG] [org.gradle.cache.internal.DefaultFileLockManager] Waiting to acquire shared lock on daemon addresses registry.
2024-01-18T04:29:15.570+0900 [DEBUG] [org.gradle.cache.internal.DefaultFileLockManager] Lock acquired on daemon addresses registry.
2024-01-18T04:29:15.570+0900 [DEBUG] [org.gradle.cache.internal.DefaultFileLockManager] Releasing lock on daemon addresses registry.
2024-01-18T04:29:15.571+0900 [DEBUG] [org.gradle.launcher.daemon.server.DaemonRegistryUpdater] Storing daemon stop event: other compatible daemons were started and after being idle for 0 minutes and not recently used
2024-01-18T04:29:15.571+0900 [DEBUG] [org.gradle.launcher.daemon.registry.PersistentDaemonRegistry] Storing daemon stop event with timestamp 1705519755572
2024-01-18T04:29:15.572+0900 [DEBUG] [org.gradle.cache.internal.DefaultFileLockManager] Waiting to acquire exclusive lock on daemon addresses registry.
2024-01-18T04:29:15.573+0900 [DEBUG] [org.gradle.cache.internal.DefaultFileLockManager] Lock acquired on daemon addresses registry.
2024-01-18T04:29:15.574+0900 [DEBUG] [org.gradle.cache.internal.DefaultFileLockManager] Releasing lock on daemon addresses registry.
2024-01-18T04:29:15.574+0900 [LIFECYCLE] [org.gradle.launcher.daemon.server.DaemonStateCoordinator] Daemon will be stopped at the end of the build other compatible daemons were started and after being idle for 0 minutes and not recently used
2024-01-18T04:29:15.575+0900 [DEBUG] [org.gradle.launcher.daemon.server.DaemonStateCoordinator] Marking daemon stopped due to other compatible daemons were started and after being idle for 0 minutes and not recently used. The daemon is running a build: false
2024-01-18T04:29:15.575+0900 [DEBUG] [org.gradle.launcher.daemon.server.DaemonStateCoordinator] daemon has stopped.
2024-01-18T04:29:15.575+0900 [DEBUG] [org.gradle.launcher.daemon.server.Daemon] stop() called on daemon
2024-01-18T04:29:15.576+0900 [INFO] [org.gradle.launcher.daemon.server.Daemon] Stop requested. Daemon is removing its presence from the registry...
2024-01-18T04:29:15.576+0900 [DEBUG] [org.gradle.launcher.daemon.server.DaemonRegistryUpdater] Removing our presence to clients, eg. removing this address from the registry: [60c323a4-282a-45c1-a3fa-8c9138b03c17 port:51808, addresses:[localhost/127.0.0.1]]
2024-01-18T04:29:15.577+0900 [DEBUG] [org.gradle.launcher.daemon.registry.PersistentDaemonRegistry] Removing daemon address: [60c323a4-282a-45c1-a3fa-8c9138b03c17 port:51808, addresses:[localhost/127.0.0.1]]
2024-01-18T04:29:15.578+0900 [DEBUG] [org.gradle.cache.internal.DefaultFileLockManager] Waiting to acquire exclusive lock on daemon addresses registry.
2024-01-18T04:29:15.578+0900 [DEBUG] [org.gradle.cache.internal.DefaultFileLockManager] Lock acquired on daemon addresses registry.
2024-01-18T04:29:15.579+0900 [DEBUG] [org.gradle.cache.internal.DefaultFileLockManager] Releasing lock on daemon addresses registry.
2024-01-18T04:29:15.580+0900 [DEBUG] [org.gradle.launcher.daemon.server.DaemonRegistryUpdater] Address removed from registry.
2024-01-18T04:29:15.584+0900 [DEBUG] [org.gradle.cache.internal.DefaultPersistentDirectoryStore] jars (/Users/giyeonlee/Downloads/Work_Space/Hanhwa_System_SW_CAMP_JAVA/01_java/caches/jars-9) has last been fully cleaned up 0 hours ago
2024-01-18T04:29:15.584+0900 [DEBUG] [org.gradle.cache.internal.DefaultCacheCoordinator] Cache jars (/Users/giyeonlee/Downloads/Work_Space/Hanhwa_System_SW_CAMP_JAVA/01_java/caches/jars-9) was closed 13 times.
2024-01-18T04:29:15.585+0900 [DEBUG] [org.gradle.cache.internal.DefaultPersistentDirectoryStore] Artifact transforms cache (/Users/giyeonlee/Downloads/Work_Space/Hanhwa_System_SW_CAMP_JAVA/01_java/caches/transforms-3) has last been fully cleaned up 0 hours ago
2024-01-18T04:29:15.585+0900 [DEBUG] [org.gradle.cache.internal.DefaultCacheCoordinator] Cache Artifact transforms cache (/Users/giyeonlee/Downloads/Work_Space/Hanhwa_System_SW_CAMP_JAVA/01_java/caches/transforms-3) was closed 0 times.
2024-01-18T04:29:15.586+0900 [DEBUG] [org.gradle.cache.internal.DefaultCacheCoordinator] Cache file content cache (/Users/giyeonlee/Downloads/Work_Space/Hanhwa_System_SW_CAMP_JAVA/01_java/caches/8.4/fileContent) was closed 2 times.
2024-01-18T04:29:15.586+0900 [DEBUG] [org.gradle.internal.watch.vfs.impl.WatchingVirtualFileSystem] Closing VFS, dropping state
2024-01-18T04:29:15.587+0900 [DEBUG] [org.gradle.internal.watch.registry.impl.DefaultFileWatcherRegistry] Finished listening to file system change events
2024-01-18T04:29:15.587+0900 [DEBUG] [org.gradle.cache.internal.DefaultCacheCoordinator] Cache Generated Gradle JARs cache (/Users/giyeonlee/Downloads/Work_Space/Hanhwa_System_SW_CAMP_JAVA/01_java/caches/8.4/generated-gradle-jars) was closed 0 times.
2024-01-18T04:29:15.588+0900 [DEBUG] [org.gradle.cache.internal.LockOnDemandCrossProcessCacheAccess] Releasing file lock for artifact cache (/Users/giyeonlee/Downloads/Work_Space/Hanhwa_System_SW_CAMP_JAVA/01_java/caches/modules-2)
2024-01-18T04:29:15.588+0900 [DEBUG] [org.gradle.cache.internal.DefaultFileLockManager] Releasing lock on artifact cache (/Users/giyeonlee/Downloads/Work_Space/Hanhwa_System_SW_CAMP_JAVA/01_java/caches/modules-2).
2024-01-18T04:29:15.588+0900 [DEBUG] [org.gradle.cache.internal.DefaultPersistentDirectoryStore] artifact cache (/Users/giyeonlee/Downloads/Work_Space/Hanhwa_System_SW_CAMP_JAVA/01_java/caches/modules-2) has last been fully cleaned up 0 hours ago
2024-01-18T04:29:15.589+0900 [DEBUG] [org.gradle.cache.internal.DefaultCacheCoordinator] Cache artifact cache (/Users/giyeonlee/Downloads/Work_Space/Hanhwa_System_SW_CAMP_JAVA/01_java/caches/modules-2) was closed 14 times.
2024-01-18T04:29:15.589+0900 [DEBUG] [org.gradle.cache.internal.LockOnDemandCrossProcessCacheAccess] Releasing file lock for journal cache (/Users/giyeonlee/Downloads/Work_Space/Hanhwa_System_SW_CAMP_JAVA/01_java/caches/journal-1)
2024-01-18T04:29:15.589+0900 [DEBUG] [org.gradle.cache.internal.btree.BTreePersistentIndexedCache] Closing cache file-access.bin (/Users/giyeonlee/Downloads/Work_Space/Hanhwa_System_SW_CAMP_JAVA/01_java/caches/journal-1/file-access.bin)
2024-01-18T04:29:15.590+0900 [DEBUG] [org.gradle.cache.internal.DefaultFileLockManager] Releasing lock on journal cache (/Users/giyeonlee/Downloads/Work_Space/Hanhwa_System_SW_CAMP_JAVA/01_java/caches/journal-1).
2024-01-18T04:29:15.590+0900 [DEBUG] [org.gradle.cache.internal.DefaultCacheCoordinator] Cache journal cache (/Users/giyeonlee/Downloads/Work_Space/Hanhwa_System_SW_CAMP_JAVA/01_java/caches/journal-1) was closed 16 times.
2024-01-18T04:29:15.591+0900 [DEBUG] [org.gradle.cache.internal.DefaultCacheCoordinator] Cache file hash cache (/Users/giyeonlee/Downloads/Work_Space/Hanhwa_System_SW_CAMP_JAVA/01_java/caches/8.4/fileHashes) was closed 11 times.
Daemon vm is shutting down... The daemon has exited normally or was terminated in response to a user interrupt.
2024-01-18T04:29:15.593+0900 [DEBUG] [org.gradle.launcher.daemon.registry.PersistentDaemonRegistry] Removing daemon address: [60c323a4-282a-45c1-a3fa-8c9138b03c17 port:51808, addresses:[localhost/127.0.0.1]]
2024-01-18T04:29:15.594+0900 [DEBUG] [org.gradle.cache.internal.DefaultFileLockManager] Waiting to acquire exclusive lock on daemon addresses registry.
2024-01-18T04:29:15.594+0900 [DEBUG] [org.gradle.cache.internal.DefaultFileLockManager] The file lock for daemon addresses registry is held by a different Gradle process (pid: 14779, lockId: -2225336657017893562). Pinged owner at port 50598
2024-01-18T04:29:15.625+0900 [DEBUG] [org.gradle.cache.internal.DefaultFileLockManager] The file lock for daemon addresses registry is held by a different Gradle process. I was unable to read on which port the owner listens for lock access requests.
2024-01-18T04:29:15.655+0900 [DEBUG] [org.gradle.cache.internal.DefaultFileLockManager] Lock acquired on daemon addresses registry.
2024-01-18T04:29:15.656+0900 [DEBUG] [org.gradle.cache.internal.DefaultFileLockManager] Releasing lock on daemon addresses registry.
